Configuring haskeline-0.7.4.0...
Building haskeline-0.7.4.0...
Preprocessing library haskeline-0.7.4.0...

on the commandline: warning:
    -XOverlappingInstances is deprecated: instead use per-instance pragmas OVERLAPPING/OVERLAPPABLE/OVERLAPS
[ 1 of 25] Compiling System.Console.Haskeline.Recover ( System\Console\Haskeline\Recover.hs, .stack-work\dist\ca59d0ab\build\System\Console\Haskeline\Recover.o )
[ 2 of 25] Compiling System.Console.Haskeline.MonadException ( System\Console\Haskeline\MonadException.hs, .stack-work\dist\ca59d0ab\build\System\Console\Haskeline\MonadException.o )

System\Console\Haskeline\MonadException.hs:39:1: warning: [-Wdeprecations]
    Module `Control.Monad.Trans.Error' is deprecated:
      Use Control.Monad.Trans.Except instead

System\Console\Haskeline\MonadException.hs:44:1: warning: [-Wunused-imports]
    The import of `Data.Monoid' is redundant
      except perhaps to import instances from `Data.Monoid'
    To import instances alone, use: import Data.Monoid()

System\Console\Haskeline\MonadException.hs:162:29: warning: [-Wdeprecations]
    In the use of type constructor or class `Error'
    (imported from Control.Monad.Trans.Error):
    Deprecated: "Use Control.Monad.Trans.Except instead"

System\Console\Haskeline\MonadException.hs:162:57: warning: [-Wdeprecations]
    In the use of type constructor or class `ErrorT'
    (imported from Control.Monad.Trans.Error):
    Deprecated: "Use Control.Monad.Trans.Except instead"

System\Console\Haskeline\MonadException.hs:163:19: warning: [-Wdeprecations]
    In the use of data constructor `ErrorT'
    (imported from Control.Monad.Trans.Error):
    Deprecated: "Use Control.Monad.Trans.Except instead"

System\Console\Haskeline\MonadException.hs:164:40: warning: [-Wdeprecations]
    In the use of data constructor `ErrorT'
    (imported from Control.Monad.Trans.Error):
    Deprecated: "Use Control.Monad.Trans.Except instead"

System\Console\Haskeline\MonadException.hs:164:55: warning: [-Wdeprecations]
    In the use of `runErrorT'
    (imported from Control.Monad.Trans.Error):
    Deprecated: "Use Control.Monad.Trans.Except instead"

System\Console\Haskeline\MonadException.hs:165:29: warning: [-Wdeprecations]
    In the use of `runErrorT'
    (imported from Control.Monad.Trans.Error):
    Deprecated: "Use Control.Monad.Trans.Except instead"
[ 3 of 25] Compiling System.Console.Haskeline.Monads ( System\Console\Haskeline\Monads.hs, .stack-work\dist\ca59d0ab\build\System\Console\Haskeline\Monads.o )
[ 4 of 25] Compiling System.Console.Haskeline.LineState ( System\Console\Haskeline\LineState.hs, .stack-work\dist\ca59d0ab\build\System\Console\Haskeline\LineState.o )
[ 5 of 25] Compiling System.Console.Haskeline.Key ( System\Console\Haskeline\Key.hs, .stack-work\dist\ca59d0ab\build\System\Console\Haskeline\Key.o )
[ 6 of 25] Compiling System.Console.Haskeline.Prefs ( System\Console\Haskeline\Prefs.hs, .stack-work\dist\ca59d0ab\build\System\Console\Haskeline\Prefs.o )
[ 7 of 25] Compiling System.Console.Haskeline.History ( System\Console\Haskeline\History.hs, .stack-work\dist\ca59d0ab\build\System\Console\Haskeline\History.o )
[ 8 of 25] Compiling System.Console.Haskeline.Directory ( .stack-work\dist\ca59d0ab\build\System\Console\Haskeline\Directory.hs, .stack-work\dist\ca59d0ab\build\System\Console\Haskeline\Directory.o )
[ 9 of 25] Compiling System.Console.Haskeline.Completion ( System\Console\Haskeline\Completion.hs, .stack-work\dist\ca59d0ab\build\System\Console\Haskeline\Completion.o )
[10 of 25] Compiling System.Console.Haskeline.Term ( System\Console\Haskeline\Term.hs, .stack-work\dist\ca59d0ab\build\System\Console\Haskeline\Term.o )

System\Console\Haskeline\Term.hs:56:26: warning: [-Wdeprecations]
    In the use of `isEmptyChan'
    (imported from Control.Concurrent, but defined in Control.Concurrent.Chan):
    Deprecated: "if you need this operation, use Control.Concurrent.STM.TChan instead.  See <http://ghc.haskell.org/trac/ghc/ticket/4154> for details"

System\Console\Haskeline\Term.hs:129:16: warning: [-Wdeprecations]
    In the use of `isEmptyChan'
    (imported from Control.Concurrent, but defined in Control.Concurrent.Chan):
    Deprecated: "if you need this operation, use Control.Concurrent.STM.TChan instead.  See <http://ghc.haskell.org/trac/ghc/ticket/4154> for details"
[11 of 25] Compiling System.Console.Haskeline.Command ( System\Console\Haskeline\Command.hs, .stack-work\dist\ca59d0ab\build\System\Console\Haskeline\Command.o )
[12 of 25] Compiling System.Console.Haskeline.Command.History ( System\Console\Haskeline\Command\History.hs, .stack-work\dist\ca59d0ab\build\System\Console\Haskeline\Command\History.o )
[13 of 25] Compiling System.Console.Haskeline.Command.Undo ( System\Console\Haskeline\Command\Undo.hs, .stack-work\dist\ca59d0ab\build\System\Console\Haskeline\Command\Undo.o )
[14 of 25] Compiling System.Console.Haskeline.Command.Completion ( System\Console\Haskeline\Command\Completion.hs, .stack-work\dist\ca59d0ab\build\System\Console\Haskeline\Command\Completion.o )
[15 of 25] Compiling System.Console.Haskeline.Command.KillRing ( System\Console\Haskeline\Command\KillRing.hs, .stack-work\dist\ca59d0ab\build\System\Console\Haskeline\Command\KillRing.o )
[16 of 25] Compiling System.Console.Haskeline.RunCommand ( System\Console\Haskeline\RunCommand.hs, .stack-work\dist\ca59d0ab\build\System\Console\Haskeline\RunCommand.o )
[17 of 25] Compiling System.Console.Haskeline.Backend.Win32.Echo ( System\Console\Haskeline\Backend\Win32\Echo.hs, .stack-work\dist\ca59d0ab\build\System\Console\Haskeline\Backend\Win32\Echo.o )
[18 of 25] Compiling System.Console.Haskeline.Backend.WCWidth ( System\Console\Haskeline\Backend\WCWidth.hs, .stack-work\dist\ca59d0ab\build\System\Console\Haskeline\Backend\WCWidth.o )
[19 of 25] Compiling System.Console.Haskeline.Backend.Win32 ( .stack-work\dist\ca59d0ab\build\System\Console\Haskeline\Backend\Win32.hs, .stack-work\dist\ca59d0ab\build\System\Console\Haskeline\Backend\Win32.o )

System\Console\Haskeline\Backend\Win32.hsc:17:1: warning: [-Wunused-imports]
    The import of `Control.Applicative' is redundant
      except perhaps to import instances from `Control.Applicative'
    To import instances alone, use: import Control.Applicative()
[20 of 25] Compiling System.Console.Haskeline.Backend ( System\Console\Haskeline\Backend.hs, .stack-work\dist\ca59d0ab\build\System\Console\Haskeline\Backend.o )
[21 of 25] Compiling System.Console.Haskeline.InputT ( System\Console\Haskeline\InputT.hs, .stack-work\dist\ca59d0ab\build\System\Console\Haskeline\InputT.o )

System\Console\Haskeline\InputT.hs:16:1: warning: [-Wunused-imports]
    The import of `Control.Applicative' is redundant
      except perhaps to import instances from `Control.Applicative'
    To import instances alone, use: import Control.Applicative()

System\Console\Haskeline\InputT.hs:17:1: warning: [-Wunused-imports]
    The import of `Control.Monad' is redundant
      except perhaps to import instances from `Control.Monad'
    To import instances alone, use: import Control.Monad()
[22 of 25] Compiling System.Console.Haskeline.Emacs ( System\Console\Haskeline\Emacs.hs, .stack-work\dist\ca59d0ab\build\System\Console\Haskeline\Emacs.o )
[23 of 25] Compiling System.Console.Haskeline.Vi ( System\Console\Haskeline\Vi.hs, .stack-work\dist\ca59d0ab\build\System\Console\Haskeline\Vi.o )
[24 of 25] Compiling System.Console.Haskeline ( System\Console\Haskeline.hs, .stack-work\dist\ca59d0ab\build\System\Console\Haskeline.o )
[25 of 25] Compiling System.Console.Haskeline.IO ( System\Console\Haskeline\IO.hs, .stack-work\dist\ca59d0ab\build\System\Console\Haskeline\IO.o )
Installing library in
C:\sr\snapshots\e62a977d\lib\x86_64-windows-ghc-8.0.2\haskeline-0.7.4.0-3Ila3ipRrWK3QKHiCX7j1i
Registering haskeline-0.7.4.0...
